Looking for git in: git
Using git 2.17.0 from git
> git rev-parse --show-toplevel
> git config --get commit.template
Open repository: /var/www/widget-articles
> git status -z -u
> git symbolic-ref --short HEAD
> git rev-parse feature/RDG-84
> git rev-parse --symbolic-full-name feature/RDG-84@{u}
> git rev-list --left-right feature/RDG-84...refs/remotes/origin/feature/RDG-84
> git for-each-ref --format %(refname) %(objectname) --sort -committerdate
> git remote --verbose
> git show :src/app/Http/Controllers/ArticleController.php
> git check-ignore -z --stdin
> git show :src/resources/views/articles/articles.blade.php
> git check-ignore -z --stdin
> git show :src/app/Http/Controllers/ArticleController.php
> git show :src/resources/views/articles/articles.blade.php
> git show :src/app/Http/Controllers/ArticleController.php
> git show :src/resources/views/articles/articles.blade.php
> git show :src/app/Http/Controllers/ArticleController.php
> git show :src/resources/views/articles/articles.blade.php
> git show :src/app/Http/Controllers/ArticleController.php
> git show :src/resources/views/articles/articles.blade.php
> git show :src/app/Http/Controllers/ArticleController.php
> git show :src/resources/views/articles/articles.blade.php
> git show :src/resources/views/articles/listavailables.blade.php
> git show :src/resources/views/articles/articles.blade.php
> git show :src/app/Http/Controllers/ArticleController.php
> git show :src/resources/views/articles/articles.blade.php
> git show :src/routes/web.php
> git show :src/app/Http/Controllers/ArticleController.php
> git show :src/resources/views/articles/articles.blade.php
> git show :src/app/Http/Controllers/ArticleController.php
> git show :src/routes/web.php
> git show :src/app/Http/Controllers/ArticleController.php
> git show :src/resources/views/articles/update.blade.php
> git show :src/app/Http/Controllers/ArticleController.php
> git show :src/resources/views/articles/articles.blade.php
> git show :src/app/Http/Controllers/ArticleController.php
> git show :src/resources/views/articles/update.blade.php
> git show :src/app/Http/Controllers/ArticleController.php
> git show :src/resources/views/articles/update.blade.php
> git show :src/app/Http/Controllers/ArticleController.php
> git show :src/resources/views/articles/update.blade.php
> git show :src/app/Http/Controllers/ArticleController.php
> git show :src/resources/views/articles/articles.blade.php
> git show :src/resources/views/articles/listpinneds.blade.php
> git show :src/resources/views/articles/listavailables.blade.php
> git show :src/resources/views/articles/articles.blade.php
> git show :src/app/Http/Controllers/ArticleController.php
> git show :src/resources/views/articles/update.blade.php
> git show :src/resources/views/articles/articles.blade.php
> git show :src/app/Http/Controllers/ArticleController.php
> git show :src/resources/views/articles/update.blade.php
> git show :src/resources/views/articles/articles.blade.php
> git show :src/app/Http/Controllers/ArticleController.php
> git show :src/app/Models/Article.php
> git show :src/app/Http/Controllers/ArticleController.php
> git show :src/resources/views/articles/articles.blade.php
> git show :src/resources/views/articles/listpinneds.blade.php
> git check-ignore -z --stdin
> git show :src/resources/views/articles/articles.blade.php
> git show :src/app/Models/Article.php
> git show :src/app/Http/Controllers/ArticleController.php
> git show :src/resources/views/articles/articles.blade.php
> git show :src/app/Http/Controllers/ArticleController.php
> git show :src/resources/views/articles/listpinneds.blade.php
> git show :src/resources/views/articles/listavailables.blade.php
> git show :src/resources/views/articles/articles.blade.php
> git show :src/resources/views/articles/update.blade.php
> git show :src/resources/views/articles/create.blade.php
> git show :src/resources/views/articles/listavailables.blade.php
> git show :src/app/Http/Controllers/ArticleController.php
> git show :src/resources/views/articles/listavailables.blade.php
> git show :src/resources/views/articles/articles.blade.php
> git show :src/app/Http/Controllers/ArticleController.php
> git show :src/resources/views/articles/articles.blade.php
> git show :src/resources/views/articles/update.blade.php
> git show :src/resources/views/articles/articles.blade.php
> git show :src/resources/views/articles/update.blade.php
> git show :src/resources/views/articles/articles.blade.php
> git show :src/resources/views/articles/update.blade.php
> git show :src/resources/views/articles/articles.blade.php
> git show :src/resources/views/articles/listpinneds.blade.php
> git show :src/app/Http/Controllers/ArticleController.php
> git show :src/resources/views/articles/listpinneds.blade.php
> git show :src/resources/views/articles/articles.blade.php
> git show :src/resources/views/articles/update.blade.php
> git show :src/resources/views/articles/articles.blade.php
> git show :src/resources/views/articles/update.blade.php
> git show :src/resources/views/articles/articles.blade.php
> git show :src/resources/views/articles/listpinneds.blade.php
> git show :src/resources/views/articles/articles.blade.php
> git show :src/resources/views/articles/listpinneds.blade.php
> git show :src/resources/views/articles/listavailables.blade.php
> git show :src/resources/views/articles/listpinneds.blade.php
> git show :src/resources/views/articles/listavailables.blade.php
> git show :src/resources/views/articles/listpinneds.blade.php
> git check-ignore -z --stdin
> git check-ignore -z --stdin
> git status -z -u
> git symbolic-ref --short HEAD
> git rev-parse feature/RDG-84
> git rev-parse --symbolic-full-name feature/RDG-84@{u}
> git rev-list --left-right feature/RDG-84...refs/remotes/origin/feature/RDG-84
> git for-each-ref --format %(refname) %(objectname) --sort -committerdate
> git remote --verbose
