Looking for git in: git
Using git 2.17.0 from git
> git rev-parse --show-toplevel
> git config --get commit.template
Open repository: /var/www/widget-articles
> git status -z -u
> git symbolic-ref --short HEAD
> git show :src/app/Http/Controllers/ArticleController.php
> git rev-parse feature/RDG-84
> git rev-parse --symbolic-full-name feature/RDG-84@{u}
> git rev-list --left-right feature/RDG-84...refs/remotes/origin/feature/RDG-84
> git for-each-ref --format %(refname) %(objectname) --sort -committerdate
> git remote --verbose
> git check-ignore -z --stdin
> git check-ignore -z --stdin
> git check-ignore -z --stdin
> git check-ignore -z --stdin
> git show :src/public/js/app.js
> git show :src/app/Http/Controllers/ArticleController.php
> git show :src/public/js/validator.min.js
> git show :src/public/js/sweetalert2.js
> git show :src/public/js/widgetScript.js
> git show :src/routes/web.php
> git check-ignore -z --stdin
> git show :src/app/Http/Controllers/WidgetController.php
> git show :src/routes/web.php
> git show :src/app/Http/Controllers/WidgetController.php
> git show :src/app/Http/Controllers/ArticleController.php
> git show :src/app/Http/Controllers/WidgetController.php
> git show :src/app/Http/Controllers/ArticleController.php
> git show :src/app/Http/Controllers/WidgetController.php
> git show :src/app/Http/Controllers/ArticleController.php
> git show :src/app/Http/Controllers/WidgetController.php
> git show :src/public/js/widgetScript.js
> git show :src/app/Http/Controllers/WidgetController.php
> git show :src/routes/web.php
> git show :src/app/Http/Controllers/ArticleController.php
> git show :src/app/Http/Controllers/WidgetController.php
> git show :src/app/Http/Controllers/ArticleController.php
> git show :src/resources/views/widget/widget.blade.php
> git check-ignore -z --stdin
> git show :src/public/js/widgetScript.js
> git show :src/resources/views/widget/widget.blade.php
> git show :src/public/js/widgetScript.js
> git show :src/resources/views/widget/widget.blade.php
> git show :src/public/js/widgetScript.js
> git show :src/resources/views/widget/widget.blade.php
> git show :src/app/Http/Controllers/ArticleController.php
> git show :src/app/Http/Controllers/WidgetController.php
> git show :src/public/js/widgetScript.js
> git show :src/resources/views/widget/widget.blade.php
> git show :src/app/Http/Controllers/ArticleController.php
> git show :src/app/Http/Controllers/WidgetController.php
> git show :src/resources/views/widget/widget.blade.php
> git show :src/app/Http/Controllers/ArticleController.php
> git show :src/app/Http/Controllers/WidgetController.php
> git show :src/resources/views/widget/widget.blade.php
> git show :src/.env
> git show :src/public/js/widgetScript.js
> git show :src/app/Http/Controllers/WidgetController.php
> git show :src/resources/views/widget/widget.blade.php
> git show :src/app/Http/Controllers/WidgetController.php
> git show :src/public/js/widgetScript.js
> git show :src/resources/views/widget/widget.blade.php
> git show :src/routes/web.php
> git show :src/resources/views/widget/widget.blade.php
> git show :src/app/Models/Article.php
> git show :src/app/Http/Controllers/ArticleController.php
> git show :src/app/Models/Article.php
> git show :src/app/Http/Controllers/ArticleController.php
> git show :src/app/Models/Article.php
> git show :src/resources/views/widget/widget.blade.php
> git show :src/app/Http/Controllers/ArticleController.php
> git show :src/app/Models/Article.php
> git show :src/app/Http/Controllers/WidgetController.php
> git show :src/resources/views/widget/widget.blade.php
> git show :src/app/Models/Article.php
