[2018-05-24 08:45:08.754] [renderer1] [error] Error: Inotify limit reached (ENOSPC)
[2018-05-24 15:00:44.972] [renderer1] [error] Cannot read property 'lineNumber' of null: TypeError: Cannot read property 'lineNumber' of null
	at Object.t.toPosition (/usr/share/code/resources/app/out/vs/workbench/node/extensionHostProcess.js:604:471)
	at e.provideHover (/usr/share/code/resources/app/out/vs/workbench/node/extensionHostProcess.js:650:488)
	at /usr/share/code/resources/app/out/vs/workbench/node/extensionHostProcess.js:664:567
	at e._withAdapter (/usr/share/code/resources/app/out/vs/workbench/node/extensionHostProcess.js:661:830)
	at e.$provideHover (/usr/share/code/resources/app/out/vs/workbench/node/extensionHostProcess.js:664:529)
	at e._doInvokeHandler (/usr/share/code/resources/app/out/vs/workbench/node/extensionHostProcess.js:598:894)
	at e._invokeHandler (/usr/share/code/resources/app/out/vs/workbench/node/extensionHostProcess.js:598:612)
	at e._receiveRequest (/usr/share/code/resources/app/out/vs/workbench/node/extensionHostProcess.js:597:682)
	at e._receiveOneMessage (/usr/share/code/resources/app/out/vs/workbench/node/extensionHostProcess.js:597:451)
	at /usr/share/code/resources/app/out/vs/workbench/node/extensionHostProcess.js:596:384
	at /usr/share/code/resources/app/out/vs/workbench/node/extensionHostProcess.js:599:463
	at /usr/share/code/resources/app/out/vs/workbench/node/extensionHostProcess.js:88:119
	at e.fire (/usr/share/code/resources/app/out/vs/workbench/node/extensionHostProcess.js:89:496)
	at Socket.<anonymous> (/usr/share/code/resources/app/out/vs/workbench/node/extensionHostProcess.js:145:1008)
	at emitOne (events.js:96:13)
	at Socket.emit (events.js:191:7)
	at readableAddChunk (_stream_readable.js:178:18)
	at Socket.Readable.push (_stream_readable.js:136:10)
	at Pipe.onread (net.js:560:20)
[2018-05-24 15:00:47.399] [renderer1] [error] Cannot read property 'lineNumber' of null: TypeError: Cannot read property 'lineNumber' of null
	at Object.t.toPosition (/usr/share/code/resources/app/out/vs/workbench/node/extensionHostProcess.js:604:471)
	at e.provideHover (/usr/share/code/resources/app/out/vs/workbench/node/extensionHostProcess.js:650:488)
	at /usr/share/code/resources/app/out/vs/workbench/node/extensionHostProcess.js:664:567
	at e._withAdapter (/usr/share/code/resources/app/out/vs/workbench/node/extensionHostProcess.js:661:830)
	at e.$provideHover (/usr/share/code/resources/app/out/vs/workbench/node/extensionHostProcess.js:664:529)
	at e._doInvokeHandler (/usr/share/code/resources/app/out/vs/workbench/node/extensionHostProcess.js:598:894)
	at e._invokeHandler (/usr/share/code/resources/app/out/vs/workbench/node/extensionHostProcess.js:598:612)
	at e._receiveRequest (/usr/share/code/resources/app/out/vs/workbench/node/extensionHostProcess.js:597:682)
	at e._receiveOneMessage (/usr/share/code/resources/app/out/vs/workbench/node/extensionHostProcess.js:597:451)
	at /usr/share/code/resources/app/out/vs/workbench/node/extensionHostProcess.js:596:384
	at /usr/share/code/resources/app/out/vs/workbench/node/extensionHostProcess.js:599:463
	at /usr/share/code/resources/app/out/vs/workbench/node/extensionHostProcess.js:88:119
	at e.fire (/usr/share/code/resources/app/out/vs/workbench/node/extensionHostProcess.js:89:496)
	at Socket.<anonymous> (/usr/share/code/resources/app/out/vs/workbench/node/extensionHostProcess.js:145:1008)
	at emitOne (events.js:96:13)
	at Socket.emit (events.js:191:7)
	at readableAddChunk (_stream_readable.js:178:18)
	at Socket.Readable.push (_stream_readable.js:136:10)
	at Pipe.onread (net.js:560:20)
[2018-05-24 15:00:49.154] [renderer1] [error] Cannot read property 'lineNumber' of null: TypeError: Cannot read property 'lineNumber' of null
	at Object.t.toPosition (/usr/share/code/resources/app/out/vs/workbench/node/extensionHostProcess.js:604:471)
	at e.provideHover (/usr/share/code/resources/app/out/vs/workbench/node/extensionHostProcess.js:650:488)
	at /usr/share/code/resources/app/out/vs/workbench/node/extensionHostProcess.js:664:567
	at e._withAdapter (/usr/share/code/resources/app/out/vs/workbench/node/extensionHostProcess.js:661:830)
	at e.$provideHover (/usr/share/code/resources/app/out/vs/workbench/node/extensionHostProcess.js:664:529)
	at e._doInvokeHandler (/usr/share/code/resources/app/out/vs/workbench/node/extensionHostProcess.js:598:894)
	at e._invokeHandler (/usr/share/code/resources/app/out/vs/workbench/node/extensionHostProcess.js:598:612)
	at e._receiveRequest (/usr/share/code/resources/app/out/vs/workbench/node/extensionHostProcess.js:597:682)
	at e._receiveOneMessage (/usr/share/code/resources/app/out/vs/workbench/node/extensionHostProcess.js:597:451)
	at /usr/share/code/resources/app/out/vs/workbench/node/extensionHostProcess.js:596:384
	at /usr/share/code/resources/app/out/vs/workbench/node/extensionHostProcess.js:599:463
	at /usr/share/code/resources/app/out/vs/workbench/node/extensionHostProcess.js:88:119
	at e.fire (/usr/share/code/resources/app/out/vs/workbench/node/extensionHostProcess.js:89:496)
	at Socket.<anonymous> (/usr/share/code/resources/app/out/vs/workbench/node/extensionHostProcess.js:145:1008)
	at emitOne (events.js:96:13)
	at Socket.emit (events.js:191:7)
	at readableAddChunk (_stream_readable.js:178:18)
	at Socket.Readable.push (_stream_readable.js:136:10)
	at Pipe.onread (net.js:560:20)
[2018-05-24 15:00:52.486] [renderer1] [error] Cannot read property 'lineNumber' of null: TypeError: Cannot read property 'lineNumber' of null
	at Object.t.toPosition (/usr/share/code/resources/app/out/vs/workbench/node/extensionHostProcess.js:604:471)
	at e.provideHover (/usr/share/code/resources/app/out/vs/workbench/node/extensionHostProcess.js:650:488)
	at /usr/share/code/resources/app/out/vs/workbench/node/extensionHostProcess.js:664:567
	at e._withAdapter (/usr/share/code/resources/app/out/vs/workbench/node/extensionHostProcess.js:661:830)
	at e.$provideHover (/usr/share/code/resources/app/out/vs/workbench/node/extensionHostProcess.js:664:529)
	at e._doInvokeHandler (/usr/share/code/resources/app/out/vs/workbench/node/extensionHostProcess.js:598:894)
	at e._invokeHandler (/usr/share/code/resources/app/out/vs/workbench/node/extensionHostProcess.js:598:612)
	at e._receiveRequest (/usr/share/code/resources/app/out/vs/workbench/node/extensionHostProcess.js:597:682)
	at e._receiveOneMessage (/usr/share/code/resources/app/out/vs/workbench/node/extensionHostProcess.js:597:451)
	at /usr/share/code/resources/app/out/vs/workbench/node/extensionHostProcess.js:596:384
	at /usr/share/code/resources/app/out/vs/workbench/node/extensionHostProcess.js:599:463
	at /usr/share/code/resources/app/out/vs/workbench/node/extensionHostProcess.js:88:119
	at e.fire (/usr/share/code/resources/app/out/vs/workbench/node/extensionHostProcess.js:89:496)
	at Socket.<anonymous> (/usr/share/code/resources/app/out/vs/workbench/node/extensionHostProcess.js:145:1008)
	at emitOne (events.js:96:13)
	at Socket.emit (events.js:191:7)
	at readableAddChunk (_stream_readable.js:178:18)
	at Socket.Readable.push (_stream_readable.js:136:10)
	at Pipe.onread (net.js:560:20)
[2018-05-24 15:00:54.635] [renderer1] [error] Cannot read property 'lineNumber' of null: TypeError: Cannot read property 'lineNumber' of null
	at Object.t.toPosition (/usr/share/code/resources/app/out/vs/workbench/node/extensionHostProcess.js:604:471)
	at e.provideHover (/usr/share/code/resources/app/out/vs/workbench/node/extensionHostProcess.js:650:488)
	at /usr/share/code/resources/app/out/vs/workbench/node/extensionHostProcess.js:664:567
	at e._withAdapter (/usr/share/code/resources/app/out/vs/workbench/node/extensionHostProcess.js:661:830)
	at e.$provideHover (/usr/share/code/resources/app/out/vs/workbench/node/extensionHostProcess.js:664:529)
	at e._doInvokeHandler (/usr/share/code/resources/app/out/vs/workbench/node/extensionHostProcess.js:598:894)
	at e._invokeHandler (/usr/share/code/resources/app/out/vs/workbench/node/extensionHostProcess.js:598:612)
	at e._receiveRequest (/usr/share/code/resources/app/out/vs/workbench/node/extensionHostProcess.js:597:682)
	at e._receiveOneMessage (/usr/share/code/resources/app/out/vs/workbench/node/extensionHostProcess.js:597:451)
	at /usr/share/code/resources/app/out/vs/workbench/node/extensionHostProcess.js:596:384
	at /usr/share/code/resources/app/out/vs/workbench/node/extensionHostProcess.js:599:463
	at /usr/share/code/resources/app/out/vs/workbench/node/extensionHostProcess.js:88:119
	at e.fire (/usr/share/code/resources/app/out/vs/workbench/node/extensionHostProcess.js:89:496)
	at Socket.<anonymous> (/usr/share/code/resources/app/out/vs/workbench/node/extensionHostProcess.js:145:1008)
	at emitOne (events.js:96:13)
	at Socket.emit (events.js:191:7)
	at readableAddChunk (_stream_readable.js:178:18)
	at Socket.Readable.push (_stream_readable.js:136:10)
	at Pipe.onread (net.js:560:20)
[2018-05-24 15:00:55.872] [renderer1] [error] Cannot read property 'lineNumber' of null: TypeError: Cannot read property 'lineNumber' of null
	at Object.t.toPosition (/usr/share/code/resources/app/out/vs/workbench/node/extensionHostProcess.js:604:471)
	at e.provideHover (/usr/share/code/resources/app/out/vs/workbench/node/extensionHostProcess.js:650:488)
	at /usr/share/code/resources/app/out/vs/workbench/node/extensionHostProcess.js:664:567
	at e._withAdapter (/usr/share/code/resources/app/out/vs/workbench/node/extensionHostProcess.js:661:830)
	at e.$provideHover (/usr/share/code/resources/app/out/vs/workbench/node/extensionHostProcess.js:664:529)
	at e._doInvokeHandler (/usr/share/code/resources/app/out/vs/workbench/node/extensionHostProcess.js:598:894)
	at e._invokeHandler (/usr/share/code/resources/app/out/vs/workbench/node/extensionHostProcess.js:598:612)
	at e._receiveRequest (/usr/share/code/resources/app/out/vs/workbench/node/extensionHostProcess.js:597:682)
	at e._receiveOneMessage (/usr/share/code/resources/app/out/vs/workbench/node/extensionHostProcess.js:597:451)
	at /usr/share/code/resources/app/out/vs/workbench/node/extensionHostProcess.js:596:384
	at /usr/share/code/resources/app/out/vs/workbench/node/extensionHostProcess.js:599:463
	at /usr/share/code/resources/app/out/vs/workbench/node/extensionHostProcess.js:88:119
	at e.fire (/usr/share/code/resources/app/out/vs/workbench/node/extensionHostProcess.js:89:496)
	at Socket.<anonymous> (/usr/share/code/resources/app/out/vs/workbench/node/extensionHostProcess.js:145:1008)
	at emitOne (events.js:96:13)
	at Socket.emit (events.js:191:7)
	at readableAddChunk (_stream_readable.js:178:18)
	at Socket.Readable.push (_stream_readable.js:136:10)
	at Pipe.onread (net.js:560:20)
[2018-05-24 15:00:56.981] [renderer1] [error] Cannot read property 'lineNumber' of null: TypeError: Cannot read property 'lineNumber' of null
	at Object.t.toPosition (/usr/share/code/resources/app/out/vs/workbench/node/extensionHostProcess.js:604:471)
	at e.provideHover (/usr/share/code/resources/app/out/vs/workbench/node/extensionHostProcess.js:650:488)
	at /usr/share/code/resources/app/out/vs/workbench/node/extensionHostProcess.js:664:567
	at e._withAdapter (/usr/share/code/resources/app/out/vs/workbench/node/extensionHostProcess.js:661:830)
	at e.$provideHover (/usr/share/code/resources/app/out/vs/workbench/node/extensionHostProcess.js:664:529)
	at e._doInvokeHandler (/usr/share/code/resources/app/out/vs/workbench/node/extensionHostProcess.js:598:894)
	at e._invokeHandler (/usr/share/code/resources/app/out/vs/workbench/node/extensionHostProcess.js:598:612)
	at e._receiveRequest (/usr/share/code/resources/app/out/vs/workbench/node/extensionHostProcess.js:597:682)
	at e._receiveOneMessage (/usr/share/code/resources/app/out/vs/workbench/node/extensionHostProcess.js:597:451)
	at /usr/share/code/resources/app/out/vs/workbench/node/extensionHostProcess.js:596:384
	at /usr/share/code/resources/app/out/vs/workbench/node/extensionHostProcess.js:599:463
	at /usr/share/code/resources/app/out/vs/workbench/node/extensionHostProcess.js:88:119
	at e.fire (/usr/share/code/resources/app/out/vs/workbench/node/extensionHostProcess.js:89:496)
	at Socket.<anonymous> (/usr/share/code/resources/app/out/vs/workbench/node/extensionHostProcess.js:145:1008)
	at emitOne (events.js:96:13)
	at Socket.emit (events.js:191:7)
	at readableAddChunk (_stream_readable.js:178:18)
	at Socket.Readable.push (_stream_readable.js:136:10)
	at Pipe.onread (net.js:560:20)
[2018-05-24 15:02:06.702] [renderer1] [error] Cannot read property 'lineNumber' of null: TypeError: Cannot read property 'lineNumber' of null
	at Object.t.toPosition (/usr/share/code/resources/app/out/vs/workbench/node/extensionHostProcess.js:604:471)
	at e.provideHover (/usr/share/code/resources/app/out/vs/workbench/node/extensionHostProcess.js:650:488)
	at /usr/share/code/resources/app/out/vs/workbench/node/extensionHostProcess.js:664:567
	at e._withAdapter (/usr/share/code/resources/app/out/vs/workbench/node/extensionHostProcess.js:661:830)
	at e.$provideHover (/usr/share/code/resources/app/out/vs/workbench/node/extensionHostProcess.js:664:529)
	at e._doInvokeHandler (/usr/share/code/resources/app/out/vs/workbench/node/extensionHostProcess.js:598:894)
	at e._invokeHandler (/usr/share/code/resources/app/out/vs/workbench/node/extensionHostProcess.js:598:612)
	at e._receiveRequest (/usr/share/code/resources/app/out/vs/workbench/node/extensionHostProcess.js:597:682)
	at e._receiveOneMessage (/usr/share/code/resources/app/out/vs/workbench/node/extensionHostProcess.js:597:451)
	at /usr/share/code/resources/app/out/vs/workbench/node/extensionHostProcess.js:596:384
	at /usr/share/code/resources/app/out/vs/workbench/node/extensionHostProcess.js:599:463
	at /usr/share/code/resources/app/out/vs/workbench/node/extensionHostProcess.js:88:119
	at e.fire (/usr/share/code/resources/app/out/vs/workbench/node/extensionHostProcess.js:89:496)
	at Socket.<anonymous> (/usr/share/code/resources/app/out/vs/workbench/node/extensionHostProcess.js:145:1008)
	at emitOne (events.js:96:13)
	at Socket.emit (events.js:191:7)
	at readableAddChunk (_stream_readable.js:178:18)
	at Socket.Readable.push (_stream_readable.js:136:10)
	at Pipe.onread (net.js:560:20)
[2018-05-24 15:02:08.962] [renderer1] [error] Cannot read property 'lineNumber' of null: TypeError: Cannot read property 'lineNumber' of null
	at Object.t.toPosition (/usr/share/code/resources/app/out/vs/workbench/node/extensionHostProcess.js:604:471)
	at e.provideHover (/usr/share/code/resources/app/out/vs/workbench/node/extensionHostProcess.js:650:488)
	at /usr/share/code/resources/app/out/vs/workbench/node/extensionHostProcess.js:664:567
	at e._withAdapter (/usr/share/code/resources/app/out/vs/workbench/node/extensionHostProcess.js:661:830)
	at e.$provideHover (/usr/share/code/resources/app/out/vs/workbench/node/extensionHostProcess.js:664:529)
	at e._doInvokeHandler (/usr/share/code/resources/app/out/vs/workbench/node/extensionHostProcess.js:598:894)
	at e._invokeHandler (/usr/share/code/resources/app/out/vs/workbench/node/extensionHostProcess.js:598:612)
	at e._receiveRequest (/usr/share/code/resources/app/out/vs/workbench/node/extensionHostProcess.js:597:682)
	at e._receiveOneMessage (/usr/share/code/resources/app/out/vs/workbench/node/extensionHostProcess.js:597:451)
	at /usr/share/code/resources/app/out/vs/workbench/node/extensionHostProcess.js:596:384
	at /usr/share/code/resources/app/out/vs/workbench/node/extensionHostProcess.js:599:463
	at /usr/share/code/resources/app/out/vs/workbench/node/extensionHostProcess.js:88:119
	at e.fire (/usr/share/code/resources/app/out/vs/workbench/node/extensionHostProcess.js:89:496)
	at Socket.<anonymous> (/usr/share/code/resources/app/out/vs/workbench/node/extensionHostProcess.js:145:1008)
	at emitOne (events.js:96:13)
	at Socket.emit (events.js:191:7)
	at readableAddChunk (_stream_readable.js:178:18)
	at Socket.Readable.push (_stream_readable.js:136:10)
	at Pipe.onread (net.js:560:20)
[2018-05-24 15:02:12.057] [renderer1] [error] Cannot read property 'lineNumber' of null: TypeError: Cannot read property 'lineNumber' of null
	at Object.t.toPosition (/usr/share/code/resources/app/out/vs/workbench/node/extensionHostProcess.js:604:471)
	at e.provideHover (/usr/share/code/resources/app/out/vs/workbench/node/extensionHostProcess.js:650:488)
	at /usr/share/code/resources/app/out/vs/workbench/node/extensionHostProcess.js:664:567
	at e._withAdapter (/usr/share/code/resources/app/out/vs/workbench/node/extensionHostProcess.js:661:830)
	at e.$provideHover (/usr/share/code/resources/app/out/vs/workbench/node/extensionHostProcess.js:664:529)
	at e._doInvokeHandler (/usr/share/code/resources/app/out/vs/workbench/node/extensionHostProcess.js:598:894)
	at e._invokeHandler (/usr/share/code/resources/app/out/vs/workbench/node/extensionHostProcess.js:598:612)
	at e._receiveRequest (/usr/share/code/resources/app/out/vs/workbench/node/extensionHostProcess.js:597:682)
	at e._receiveOneMessage (/usr/share/code/resources/app/out/vs/workbench/node/extensionHostProcess.js:597:451)
	at /usr/share/code/resources/app/out/vs/workbench/node/extensionHostProcess.js:596:384
	at /usr/share/code/resources/app/out/vs/workbench/node/extensionHostProcess.js:599:463
	at /usr/share/code/resources/app/out/vs/workbench/node/extensionHostProcess.js:88:119
	at e.fire (/usr/share/code/resources/app/out/vs/workbench/node/extensionHostProcess.js:89:496)
	at Socket.<anonymous> (/usr/share/code/resources/app/out/vs/workbench/node/extensionHostProcess.js:145:1008)
	at emitOne (events.js:96:13)
	at Socket.emit (events.js:191:7)
	at readableAddChunk (_stream_readable.js:178:18)
	at Socket.Readable.push (_stream_readable.js:136:10)
	at Pipe.onread (net.js:560:20)
[2018-05-24 15:02:13.319] [renderer1] [error] Cannot read property 'lineNumber' of null: TypeError: Cannot read property 'lineNumber' of null
	at Object.t.toPosition (/usr/share/code/resources/app/out/vs/workbench/node/extensionHostProcess.js:604:471)
	at e.provideHover (/usr/share/code/resources/app/out/vs/workbench/node/extensionHostProcess.js:650:488)
	at /usr/share/code/resources/app/out/vs/workbench/node/extensionHostProcess.js:664:567
	at e._withAdapter (/usr/share/code/resources/app/out/vs/workbench/node/extensionHostProcess.js:661:830)
	at e.$provideHover (/usr/share/code/resources/app/out/vs/workbench/node/extensionHostProcess.js:664:529)
	at e._doInvokeHandler (/usr/share/code/resources/app/out/vs/workbench/node/extensionHostProcess.js:598:894)
	at e._invokeHandler (/usr/share/code/resources/app/out/vs/workbench/node/extensionHostProcess.js:598:612)
	at e._receiveRequest (/usr/share/code/resources/app/out/vs/workbench/node/extensionHostProcess.js:597:682)
	at e._receiveOneMessage (/usr/share/code/resources/app/out/vs/workbench/node/extensionHostProcess.js:597:451)
	at /usr/share/code/resources/app/out/vs/workbench/node/extensionHostProcess.js:596:384
	at /usr/share/code/resources/app/out/vs/workbench/node/extensionHostProcess.js:599:463
	at /usr/share/code/resources/app/out/vs/workbench/node/extensionHostProcess.js:88:119
	at e.fire (/usr/share/code/resources/app/out/vs/workbench/node/extensionHostProcess.js:89:496)
	at Socket.<anonymous> (/usr/share/code/resources/app/out/vs/workbench/node/extensionHostProcess.js:145:1008)
	at emitOne (events.js:96:13)
	at Socket.emit (events.js:191:7)
	at readableAddChunk (_stream_readable.js:178:18)
	at Socket.Readable.push (_stream_readable.js:136:10)
	at Pipe.onread (net.js:560:20)
[2018-05-24 15:02:17.477] [renderer1] [error] Cannot read property 'lineNumber' of null: TypeError: Cannot read property 'lineNumber' of null
	at Object.t.toPosition (/usr/share/code/resources/app/out/vs/workbench/node/extensionHostProcess.js:604:471)
	at e.provideHover (/usr/share/code/resources/app/out/vs/workbench/node/extensionHostProcess.js:650:488)
	at /usr/share/code/resources/app/out/vs/workbench/node/extensionHostProcess.js:664:567
	at e._withAdapter (/usr/share/code/resources/app/out/vs/workbench/node/extensionHostProcess.js:661:830)
	at e.$provideHover (/usr/share/code/resources/app/out/vs/workbench/node/extensionHostProcess.js:664:529)
	at e._doInvokeHandler (/usr/share/code/resources/app/out/vs/workbench/node/extensionHostProcess.js:598:894)
	at e._invokeHandler (/usr/share/code/resources/app/out/vs/workbench/node/extensionHostProcess.js:598:612)
	at e._receiveRequest (/usr/share/code/resources/app/out/vs/workbench/node/extensionHostProcess.js:597:682)
	at e._receiveOneMessage (/usr/share/code/resources/app/out/vs/workbench/node/extensionHostProcess.js:597:451)
	at /usr/share/code/resources/app/out/vs/workbench/node/extensionHostProcess.js:596:384
	at /usr/share/code/resources/app/out/vs/workbench/node/extensionHostProcess.js:599:463
	at /usr/share/code/resources/app/out/vs/workbench/node/extensionHostProcess.js:88:119
	at e.fire (/usr/share/code/resources/app/out/vs/workbench/node/extensionHostProcess.js:89:496)
	at Socket.<anonymous> (/usr/share/code/resources/app/out/vs/workbench/node/extensionHostProcess.js:145:1008)
	at emitOne (events.js:96:13)
	at Socket.emit (events.js:191:7)
	at readableAddChunk (_stream_readable.js:178:18)
	at Socket.Readable.push (_stream_readable.js:136:10)
	at Pipe.onread (net.js:560:20)
[2018-05-24 15:02:18.978] [renderer1] [error] Cannot read property 'lineNumber' of null: TypeError: Cannot read property 'lineNumber' of null
	at Object.t.toPosition (/usr/share/code/resources/app/out/vs/workbench/node/extensionHostProcess.js:604:471)
	at e.provideHover (/usr/share/code/resources/app/out/vs/workbench/node/extensionHostProcess.js:650:488)
	at /usr/share/code/resources/app/out/vs/workbench/node/extensionHostProcess.js:664:567
	at e._withAdapter (/usr/share/code/resources/app/out/vs/workbench/node/extensionHostProcess.js:661:830)
	at e.$provideHover (/usr/share/code/resources/app/out/vs/workbench/node/extensionHostProcess.js:664:529)
	at e._doInvokeHandler (/usr/share/code/resources/app/out/vs/workbench/node/extensionHostProcess.js:598:894)
	at e._invokeHandler (/usr/share/code/resources/app/out/vs/workbench/node/extensionHostProcess.js:598:612)
	at e._receiveRequest (/usr/share/code/resources/app/out/vs/workbench/node/extensionHostProcess.js:597:682)
	at e._receiveOneMessage (/usr/share/code/resources/app/out/vs/workbench/node/extensionHostProcess.js:597:451)
	at /usr/share/code/resources/app/out/vs/workbench/node/extensionHostProcess.js:596:384
	at /usr/share/code/resources/app/out/vs/workbench/node/extensionHostProcess.js:599:463
	at /usr/share/code/resources/app/out/vs/workbench/node/extensionHostProcess.js:88:119
	at e.fire (/usr/share/code/resources/app/out/vs/workbench/node/extensionHostProcess.js:89:496)
	at Socket.<anonymous> (/usr/share/code/resources/app/out/vs/workbench/node/extensionHostProcess.js:145:1008)
	at emitOne (events.js:96:13)
	at Socket.emit (events.js:191:7)
	at readableAddChunk (_stream_readable.js:178:18)
	at Socket.Readable.push (_stream_readable.js:136:10)
	at Pipe.onread (net.js:560:20)
[2018-05-24 15:12:58.221] [renderer1] [error] Cannot read property 'lineNumber' of null: TypeError: Cannot read property 'lineNumber' of null
	at Object.t.toPosition (/usr/share/code/resources/app/out/vs/workbench/node/extensionHostProcess.js:604:471)
	at e.provideHover (/usr/share/code/resources/app/out/vs/workbench/node/extensionHostProcess.js:650:488)
	at /usr/share/code/resources/app/out/vs/workbench/node/extensionHostProcess.js:664:567
	at e._withAdapter (/usr/share/code/resources/app/out/vs/workbench/node/extensionHostProcess.js:661:830)
	at e.$provideHover (/usr/share/code/resources/app/out/vs/workbench/node/extensionHostProcess.js:664:529)
	at e._doInvokeHandler (/usr/share/code/resources/app/out/vs/workbench/node/extensionHostProcess.js:598:894)
	at e._invokeHandler (/usr/share/code/resources/app/out/vs/workbench/node/extensionHostProcess.js:598:612)
	at e._receiveRequest (/usr/share/code/resources/app/out/vs/workbench/node/extensionHostProcess.js:597:682)
	at e._receiveOneMessage (/usr/share/code/resources/app/out/vs/workbench/node/extensionHostProcess.js:597:451)
	at /usr/share/code/resources/app/out/vs/workbench/node/extensionHostProcess.js:596:384
	at /usr/share/code/resources/app/out/vs/workbench/node/extensionHostProcess.js:599:463
	at /usr/share/code/resources/app/out/vs/workbench/node/extensionHostProcess.js:88:119
	at e.fire (/usr/share/code/resources/app/out/vs/workbench/node/extensionHostProcess.js:89:496)
	at Socket.<anonymous> (/usr/share/code/resources/app/out/vs/workbench/node/extensionHostProcess.js:145:1008)
	at emitOne (events.js:96:13)
	at Socket.emit (events.js:191:7)
	at readableAddChunk (_stream_readable.js:178:18)
	at Socket.Readable.push (_stream_readable.js:136:10)
	at Pipe.onread (net.js:560:20)
[2018-05-24 15:12:59.256] [renderer1] [error] Cannot read property 'lineNumber' of null: TypeError: Cannot read property 'lineNumber' of null
	at Object.t.toPosition (/usr/share/code/resources/app/out/vs/workbench/node/extensionHostProcess.js:604:471)
	at e.provideHover (/usr/share/code/resources/app/out/vs/workbench/node/extensionHostProcess.js:650:488)
	at /usr/share/code/resources/app/out/vs/workbench/node/extensionHostProcess.js:664:567
	at e._withAdapter (/usr/share/code/resources/app/out/vs/workbench/node/extensionHostProcess.js:661:830)
	at e.$provideHover (/usr/share/code/resources/app/out/vs/workbench/node/extensionHostProcess.js:664:529)
	at e._doInvokeHandler (/usr/share/code/resources/app/out/vs/workbench/node/extensionHostProcess.js:598:894)
	at e._invokeHandler (/usr/share/code/resources/app/out/vs/workbench/node/extensionHostProcess.js:598:612)
	at e._receiveRequest (/usr/share/code/resources/app/out/vs/workbench/node/extensionHostProcess.js:597:682)
	at e._receiveOneMessage (/usr/share/code/resources/app/out/vs/workbench/node/extensionHostProcess.js:597:451)
	at /usr/share/code/resources/app/out/vs/workbench/node/extensionHostProcess.js:596:384
	at /usr/share/code/resources/app/out/vs/workbench/node/extensionHostProcess.js:599:463
	at /usr/share/code/resources/app/out/vs/workbench/node/extensionHostProcess.js:88:119
	at e.fire (/usr/share/code/resources/app/out/vs/workbench/node/extensionHostProcess.js:89:496)
	at Socket.<anonymous> (/usr/share/code/resources/app/out/vs/workbench/node/extensionHostProcess.js:145:1008)
	at emitOne (events.js:96:13)
	at Socket.emit (events.js:191:7)
	at readableAddChunk (_stream_readable.js:178:18)
	at Socket.Readable.push (_stream_readable.js:136:10)
	at Pipe.onread (net.js:560:20)
[2018-05-24 15:13:00.457] [renderer1] [error] Cannot read property 'lineNumber' of null: TypeError: Cannot read property 'lineNumber' of null
	at Object.t.toPosition (/usr/share/code/resources/app/out/vs/workbench/node/extensionHostProcess.js:604:471)
	at e.provideHover (/usr/share/code/resources/app/out/vs/workbench/node/extensionHostProcess.js:650:488)
	at /usr/share/code/resources/app/out/vs/workbench/node/extensionHostProcess.js:664:567
	at e._withAdapter (/usr/share/code/resources/app/out/vs/workbench/node/extensionHostProcess.js:661:830)
	at e.$provideHover (/usr/share/code/resources/app/out/vs/workbench/node/extensionHostProcess.js:664:529)
	at e._doInvokeHandler (/usr/share/code/resources/app/out/vs/workbench/node/extensionHostProcess.js:598:894)
	at e._invokeHandler (/usr/share/code/resources/app/out/vs/workbench/node/extensionHostProcess.js:598:612)
	at e._receiveRequest (/usr/share/code/resources/app/out/vs/workbench/node/extensionHostProcess.js:597:682)
	at e._receiveOneMessage (/usr/share/code/resources/app/out/vs/workbench/node/extensionHostProcess.js:597:451)
	at /usr/share/code/resources/app/out/vs/workbench/node/extensionHostProcess.js:596:384
	at /usr/share/code/resources/app/out/vs/workbench/node/extensionHostProcess.js:599:463
	at /usr/share/code/resources/app/out/vs/workbench/node/extensionHostProcess.js:88:119
	at e.fire (/usr/share/code/resources/app/out/vs/workbench/node/extensionHostProcess.js:89:496)
	at Socket.<anonymous> (/usr/share/code/resources/app/out/vs/workbench/node/extensionHostProcess.js:145:1008)
	at emitOne (events.js:96:13)
	at Socket.emit (events.js:191:7)
	at readableAddChunk (_stream_readable.js:178:18)
	at Socket.Readable.push (_stream_readable.js:136:10)
	at Pipe.onread (net.js:560:20)
[2018-05-24 15:15:03.613] [renderer1] [error] Cannot read property 'lineNumber' of null: TypeError: Cannot read property 'lineNumber' of null
	at Object.t.toPosition (/usr/share/code/resources/app/out/vs/workbench/node/extensionHostProcess.js:604:471)
	at e.provideHover (/usr/share/code/resources/app/out/vs/workbench/node/extensionHostProcess.js:650:488)
	at /usr/share/code/resources/app/out/vs/workbench/node/extensionHostProcess.js:664:567
	at e._withAdapter (/usr/share/code/resources/app/out/vs/workbench/node/extensionHostProcess.js:661:830)
	at e.$provideHover (/usr/share/code/resources/app/out/vs/workbench/node/extensionHostProcess.js:664:529)
	at e._doInvokeHandler (/usr/share/code/resources/app/out/vs/workbench/node/extensionHostProcess.js:598:894)
	at e._invokeHandler (/usr/share/code/resources/app/out/vs/workbench/node/extensionHostProcess.js:598:612)
	at e._receiveRequest (/usr/share/code/resources/app/out/vs/workbench/node/extensionHostProcess.js:597:682)
	at e._receiveOneMessage (/usr/share/code/resources/app/out/vs/workbench/node/extensionHostProcess.js:597:451)
	at /usr/share/code/resources/app/out/vs/workbench/node/extensionHostProcess.js:596:384
	at /usr/share/code/resources/app/out/vs/workbench/node/extensionHostProcess.js:599:463
	at /usr/share/code/resources/app/out/vs/workbench/node/extensionHostProcess.js:88:119
	at e.fire (/usr/share/code/resources/app/out/vs/workbench/node/extensionHostProcess.js:89:496)
	at Socket.<anonymous> (/usr/share/code/resources/app/out/vs/workbench/node/extensionHostProcess.js:145:1008)
	at emitOne (events.js:96:13)
	at Socket.emit (events.js:191:7)
	at readableAddChunk (_stream_readable.js:178:18)
	at Socket.Readable.push (_stream_readable.js:136:10)
	at Pipe.onread (net.js:560:20)
[2018-05-24 15:15:04.894] [renderer1] [error] Cannot read property 'lineNumber' of null: TypeError: Cannot read property 'lineNumber' of null
	at Object.t.toPosition (/usr/share/code/resources/app/out/vs/workbench/node/extensionHostProcess.js:604:471)
	at e.provideHover (/usr/share/code/resources/app/out/vs/workbench/node/extensionHostProcess.js:650:488)
	at /usr/share/code/resources/app/out/vs/workbench/node/extensionHostProcess.js:664:567
	at e._withAdapter (/usr/share/code/resources/app/out/vs/workbench/node/extensionHostProcess.js:661:830)
	at e.$provideHover (/usr/share/code/resources/app/out/vs/workbench/node/extensionHostProcess.js:664:529)
	at e._doInvokeHandler (/usr/share/code/resources/app/out/vs/workbench/node/extensionHostProcess.js:598:894)
	at e._invokeHandler (/usr/share/code/resources/app/out/vs/workbench/node/extensionHostProcess.js:598:612)
	at e._receiveRequest (/usr/share/code/resources/app/out/vs/workbench/node/extensionHostProcess.js:597:682)
	at e._receiveOneMessage (/usr/share/code/resources/app/out/vs/workbench/node/extensionHostProcess.js:597:451)
	at /usr/share/code/resources/app/out/vs/workbench/node/extensionHostProcess.js:596:384
	at /usr/share/code/resources/app/out/vs/workbench/node/extensionHostProcess.js:599:463
	at /usr/share/code/resources/app/out/vs/workbench/node/extensionHostProcess.js:88:119
	at e.fire (/usr/share/code/resources/app/out/vs/workbench/node/extensionHostProcess.js:89:496)
	at Socket.<anonymous> (/usr/share/code/resources/app/out/vs/workbench/node/extensionHostProcess.js:145:1008)
	at emitOne (events.js:96:13)
	at Socket.emit (events.js:191:7)
	at readableAddChunk (_stream_readable.js:178:18)
	at Socket.Readable.push (_stream_readable.js:136:10)
	at Pipe.onread (net.js:560:20)
[2018-05-24 15:15:14.323] [renderer1] [error] Cannot read property 'lineNumber' of null: TypeError: Cannot read property 'lineNumber' of null
	at Object.t.toPosition (/usr/share/code/resources/app/out/vs/workbench/node/extensionHostProcess.js:604:471)
	at e.provideHover (/usr/share/code/resources/app/out/vs/workbench/node/extensionHostProcess.js:650:488)
	at /usr/share/code/resources/app/out/vs/workbench/node/extensionHostProcess.js:664:567
	at e._withAdapter (/usr/share/code/resources/app/out/vs/workbench/node/extensionHostProcess.js:661:830)
	at e.$provideHover (/usr/share/code/resources/app/out/vs/workbench/node/extensionHostProcess.js:664:529)
	at e._doInvokeHandler (/usr/share/code/resources/app/out/vs/workbench/node/extensionHostProcess.js:598:894)
	at e._invokeHandler (/usr/share/code/resources/app/out/vs/workbench/node/extensionHostProcess.js:598:612)
	at e._receiveRequest (/usr/share/code/resources/app/out/vs/workbench/node/extensionHostProcess.js:597:682)
	at e._receiveOneMessage (/usr/share/code/resources/app/out/vs/workbench/node/extensionHostProcess.js:597:451)
	at /usr/share/code/resources/app/out/vs/workbench/node/extensionHostProcess.js:596:384
	at /usr/share/code/resources/app/out/vs/workbench/node/extensionHostProcess.js:599:463
	at /usr/share/code/resources/app/out/vs/workbench/node/extensionHostProcess.js:88:119
	at e.fire (/usr/share/code/resources/app/out/vs/workbench/node/extensionHostProcess.js:89:496)
	at Socket.<anonymous> (/usr/share/code/resources/app/out/vs/workbench/node/extensionHostProcess.js:145:1008)
	at emitOne (events.js:96:13)
	at Socket.emit (events.js:191:7)
	at readableAddChunk (_stream_readable.js:178:18)
	at Socket.Readable.push (_stream_readable.js:136:10)
	at Pipe.onread (net.js:560:20)
[2018-05-24 15:15:16.623] [renderer1] [error] Cannot read property 'lineNumber' of null: TypeError: Cannot read property 'lineNumber' of null
	at Object.t.toPosition (/usr/share/code/resources/app/out/vs/workbench/node/extensionHostProcess.js:604:471)
	at e.provideHover (/usr/share/code/resources/app/out/vs/workbench/node/extensionHostProcess.js:650:488)
	at /usr/share/code/resources/app/out/vs/workbench/node/extensionHostProcess.js:664:567
	at e._withAdapter (/usr/share/code/resources/app/out/vs/workbench/node/extensionHostProcess.js:661:830)
	at e.$provideHover (/usr/share/code/resources/app/out/vs/workbench/node/extensionHostProcess.js:664:529)
	at e._doInvokeHandler (/usr/share/code/resources/app/out/vs/workbench/node/extensionHostProcess.js:598:894)
	at e._invokeHandler (/usr/share/code/resources/app/out/vs/workbench/node/extensionHostProcess.js:598:612)
	at e._receiveRequest (/usr/share/code/resources/app/out/vs/workbench/node/extensionHostProcess.js:597:682)
	at e._receiveOneMessage (/usr/share/code/resources/app/out/vs/workbench/node/extensionHostProcess.js:597:451)
	at /usr/share/code/resources/app/out/vs/workbench/node/extensionHostProcess.js:596:384
	at /usr/share/code/resources/app/out/vs/workbench/node/extensionHostProcess.js:599:463
	at /usr/share/code/resources/app/out/vs/workbench/node/extensionHostProcess.js:88:119
	at e.fire (/usr/share/code/resources/app/out/vs/workbench/node/extensionHostProcess.js:89:496)
	at Socket.<anonymous> (/usr/share/code/resources/app/out/vs/workbench/node/extensionHostProcess.js:145:1008)
	at emitOne (events.js:96:13)
	at Socket.emit (events.js:191:7)
	at readableAddChunk (_stream_readable.js:178:18)
	at Socket.Readable.push (_stream_readable.js:136:10)
	at Pipe.onread (net.js:560:20)
[2018-05-24 15:15:18.757] [renderer1] [error] Cannot read property 'lineNumber' of null: TypeError: Cannot read property 'lineNumber' of null
	at Object.t.toPosition (/usr/share/code/resources/app/out/vs/workbench/node/extensionHostProcess.js:604:471)
	at e.provideHover (/usr/share/code/resources/app/out/vs/workbench/node/extensionHostProcess.js:650:488)
	at /usr/share/code/resources/app/out/vs/workbench/node/extensionHostProcess.js:664:567
	at e._withAdapter (/usr/share/code/resources/app/out/vs/workbench/node/extensionHostProcess.js:661:830)
	at e.$provideHover (/usr/share/code/resources/app/out/vs/workbench/node/extensionHostProcess.js:664:529)
	at e._doInvokeHandler (/usr/share/code/resources/app/out/vs/workbench/node/extensionHostProcess.js:598:894)
	at e._invokeHandler (/usr/share/code/resources/app/out/vs/workbench/node/extensionHostProcess.js:598:612)
	at e._receiveRequest (/usr/share/code/resources/app/out/vs/workbench/node/extensionHostProcess.js:597:682)
	at e._receiveOneMessage (/usr/share/code/resources/app/out/vs/workbench/node/extensionHostProcess.js:597:451)
	at /usr/share/code/resources/app/out/vs/workbench/node/extensionHostProcess.js:596:384
	at /usr/share/code/resources/app/out/vs/workbench/node/extensionHostProcess.js:599:463
	at /usr/share/code/resources/app/out/vs/workbench/node/extensionHostProcess.js:88:119
	at e.fire (/usr/share/code/resources/app/out/vs/workbench/node/extensionHostProcess.js:89:496)
	at Socket.<anonymous> (/usr/share/code/resources/app/out/vs/workbench/node/extensionHostProcess.js:145:1008)
	at emitOne (events.js:96:13)
	at Socket.emit (events.js:191:7)
	at readableAddChunk (_stream_readable.js:178:18)
	at Socket.Readable.push (_stream_readable.js:136:10)
	at Pipe.onread (net.js:560:20)
